SF:lib\data\datasources\movie\movie_local_data_source.dart
DA:36,1
DA:46,1
DA:55,2
DA:56,1
DA:69,1
DA:70,1
DA:79,1
DA:87,1
DA:88,1
DA:89,1
DA:102,1
DA:104,1
DA:113,1
DA:119,1
DA:121,1
DA:122,1
DA:134,1
DA:149,1
DA:155,1
DA:157,1
DA:158,1
DA:161,1
DA:162,1
DA:165,1
DA:171,1
LF:25
LH:25
end_of_record
SF:lib\common\exception.dart
DA:8,4
LF:1
LH:1
end_of_record
SF:lib\domain\entities\movie\movie.dart
DA:7,3
DA:51,2
DA:109,3
DA:112,3
DA:113,3
DA:114,3
DA:116,3
DA:117,3
DA:119,3
DA:120,3
DA:122,3
DA:123,3
DA:125,3
DA:126,3
DA:128,3
DA:129,3
DA:131,3
LF:17
LH:17
end_of_record
SF:lib\data\models\movie\movie_table.dart
DA:22,10
DA:39,1
DA:43,1
DA:47,1
DA:50,1
DA:53,1
DA:56,1
DA:60,1
DA:63,1
DA:66,1
DA:71,1
DA:76,1
DA:81,1
DA:87,0
DA:88,0
DA:90,0
DA:92,0
DA:94,0
DA:96,0
DA:101,1
DA:102,1
DA:104,1
DA:107,1
DA:110,1
DA:113,1
DA:118,2
DA:121,2
DA:122,2
DA:123,2
DA:124,2
DA:125,2
LF:31
LH:25
end_of_record
SF:lib\domain\entities\genre.dart
DA:4,17
DA:19,4
DA:22,4
DA:23,4
DA:25,4
LF:5
LH:5
end_of_record
SF:lib\domain\entities\movie\movie_detail.dart
DA:10,9
DA:89,2
DA:91,2
DA:92,2
DA:93,2
DA:95,2
DA:96,2
DA:98,2
DA:99,2
DA:101,2
DA:102,2
DA:104,2
DA:105,2
DA:107,2
LF:14
LH:14
end_of_record
SF:lib\common\failure.dart
DA:9,20
DA:14,2
DA:17,2
DA:18,2
DA:24,18
DA:29,0
DA:36,4
DA:41,0
DA:48,6
DA:52,2
DA:59,2
DA:62,0
LF:12
LH:9
end_of_record
SF:lib\data\datasources\db\database_helper.dart
DA:13,0
DA:21,0
DA:24,0
DA:32,0
DA:35,0
DA:46,0
DA:51,0
DA:52,0
DA:57,0
DA:61,0
DA:64,0
DA:71,0
DA:79,0
DA:93,0
DA:98,0
DA:104,0
DA:106,0
DA:107,0
DA:109,0
DA:116,0
DA:122,0
DA:124,0
DA:125,0
DA:128,0
DA:129,0
DA:136,0
DA:143,0
DA:145,0
DA:146,0
DA:150,0
DA:157,0
DA:161,0
DA:171,0
DA:176,0
DA:180,0
DA:181,0
LF:36
LH:0
end_of_record
SF:lib\data\datasources\movie\movie_remote_data_source.dart
DA:55,1
DA:63,1
DA:70,2
DA:71,1
DA:72,1
DA:75,1
DA:79,2
DA:83,1
DA:84,1
DA:85,1
DA:88,1
DA:94,1
DA:102,1
DA:109,3
DA:111,1
DA:113,1
DA:117,2
DA:122,1
DA:123,1
DA:124,1
DA:132,1
DA:140,1
DA:146,2
DA:147,2
DA:150,1
DA:154,2
DA:159,1
DA:160,2
DA:162,1
DA:168,1
DA:175,1
DA:181,3
DA:182,1
DA:185,1
DA:189,2
DA:194,1
DA:195,1
DA:196,1
DA:199,1
DA:205,1
DA:214,1
DA:221,3
DA:222,1
DA:224,1
DA:228,2
DA:232,1
DA:233,1
DA:234,1
DA:237,1
DA:243,1
DA:252,1
DA:258,2
DA:260,2
DA:262,1
DA:266,2
DA:270,1
DA:271,2
DA:273,1
DA:279,1
LF:59
LH:59
end_of_record
SF:lib\data\models\movie\movie_detail_model.dart
DA:10,2
DA:141,1
DA:145,1
DA:148,1
DA:153,1
DA:158,1
DA:162,1
DA:164,1
DA:167,2
DA:168,1
DA:174,1
DA:179,1
DA:184,1
DA:189,1
DA:194,1
DA:199,1
DA:204,1
DA:207,1
DA:211,1
DA:216,1
DA:221,1
DA:226,1
DA:231,1
DA:236,1
DA:241,1
DA:246,1
DA:251,1
DA:254,1
DA:258,1
DA:265,0
DA:266,0
DA:268,0
DA:271,0
DA:274,0
DA:276,0
DA:277,0
DA:278,0
DA:283,0
DA:285,0
DA:288,0
DA:291,0
DA:294,0
DA:297,0
DA:300,0
DA:303,0
DA:306,0
DA:309,0
DA:312,0
DA:315,0
DA:318,0
DA:321,0
DA:324,0
DA:327,0
DA:330,0
DA:334,1
DA:336,1
DA:338,1
DA:341,1
DA:343,1
DA:344,2
DA:345,1
DA:347,1
DA:351,1
DA:354,1
DA:357,1
DA:360,1
DA:363,1
DA:366,1
DA:369,1
DA:372,1
DA:375,1
DA:380,1
DA:383,1
DA:384,1
DA:385,1
DA:387,1
DA:388,1
DA:390,1
DA:391,1
DA:393,1
DA:394,1
DA:396,1
DA:397,1
DA:399,1
DA:400,1
DA:402,1
DA:403,1
DA:405,1
DA:406,1
DA:408,1
DA:409,1
DA:411,1
DA:412,1
DA:413,1
LF:94
LH:69
end_of_record
SF:lib\data\models\movie\movie_model.dart
DA:8,5
DA:92,2
DA:96,2
DA:100,2
DA:105,2
DA:110,2
DA:112,2
DA:115,4
DA:120,2
DA:125,2
DA:130,2
DA:135,2
DA:138,2
DA:142,2
DA:147,2
DA:152,2
DA:157,2
DA:162,2
DA:165,2
DA:169,2
DA:176,1
DA:177,1
DA:180,1
DA:182,1
DA:184,1
DA:185,2
DA:186,1
DA:190,1
DA:193,1
DA:196,1
DA:199,1
DA:202,1
DA:205,1
DA:208,1
DA:211,1
DA:214,1
DA:217,1
DA:221,2
DA:222,2
DA:224,2
DA:227,2
DA:230,2
DA:232,2
DA:235,2
DA:238,2
DA:241,2
DA:244,2
DA:247,2
DA:250,2
DA:253,2
DA:256,2
DA:258,2
DA:263,2
DA:265,2
DA:266,2
DA:267,2
DA:269,2
DA:270,2
DA:272,2
DA:273,2
DA:275,2
DA:276,2
DA:278,2
DA:279,2
DA:281,2
DA:282,2
DA:284,2
LF:67
LH:67
end_of_record
SF:lib\data\models\movie\movie_response.dart
DA:11,3
DA:18,2
DA:22,2
DA:24,2
DA:26,2
DA:32,4
DA:33,2
DA:36,4
DA:37,2
DA:43,1
DA:44,1
DA:45,1
DA:46,3
DA:47,1
DA:53,1
DA:55,1
DA:56,1
LF:17
LH:17
end_of_record
SF:lib\data\models\genre_model.dart
DA:10,4
DA:25,2
DA:30,2
DA:33,2
DA:38,2
DA:44,0
DA:45,0
DA:46,0
DA:48,0
DA:53,2
DA:56,2
DA:57,2
DA:58,2
DA:63,2
DA:67,2
DA:68,2
DA:69,2
LF:17
LH:13
end_of_record
SF:lib\data\datasources\unitvy\unitvy_local_data_source.dart
DA:40,1
DA:50,1
DA:59,2
DA:60,1
DA:73,1
DA:74,1
DA:84,1
DA:93,1
DA:94,1
DA:107,1
DA:108,1
DA:118,1
DA:126,2
DA:127,1
DA:139,1
DA:154,1
DA:161,2
DA:162,1
DA:165,1
DA:166,1
DA:167,1
DA:169,1
LF:22
LH:22
end_of_record
SF:lib\domain\entities\unitvy\unitvy.dart
DA:9,2
DA:48,2
DA:101,3
DA:103,3
DA:104,3
DA:105,3
DA:107,3
DA:108,3
DA:110,3
DA:111,3
DA:113,3
DA:114,3
DA:116,3
DA:117,3
DA:119,3
LF:15
LH:15
end_of_record
SF:lib\domain\entities\unitvy\unitvy_detail.dart
DA:9,8
DA:76,2
DA:78,2
DA:79,2
DA:80,2
DA:82,2
DA:83,2
DA:85,2
DA:86,2
DA:88,2
DA:89,2
DA:91,2
DA:92,2
LF:13
LH:13
end_of_record
SF:lib\data\models\unitvy\unitvy_table.dart
DA:23,9
DA:40,1
DA:45,1
DA:48,1
DA:51,1
DA:54,1
DA:57,1
DA:61,1
DA:64,1
DA:67,1
DA:72,1
DA:77,1
DA:82,1
DA:88,0
DA:89,0
DA:92,0
DA:95,0
DA:98,0
DA:101,0
DA:105,1
DA:106,1
DA:109,1
DA:112,1
DA:115,1
DA:118,1
DA:122,2
DA:125,2
DA:126,2
DA:127,2
DA:128,2
DA:129,2
LF:31
LH:25
end_of_record
SF:lib\data\datasources\db\database_helper_unitvy.dart
DA:12,0
DA:21,0
DA:25,0
DA:33,0
DA:37,0
DA:38,0
DA:50,0
DA:55,0
DA:56,0
DA:60,0
DA:62,0
DA:65,0
DA:72,0
DA:80,0
DA:94,0
DA:98,0
DA:104,0
DA:105,0
DA:107,0
DA:108,0
DA:110,0
DA:117,0
DA:123,0
DA:125,0
DA:128,0
DA:129,0
DA:136,0
DA:142,0
DA:144,0
DA:145,0
DA:149,0
DA:156,0
DA:160,0
DA:171,0
DA:177,0
DA:181,0
DA:182,0
LF:37
LH:0
end_of_record
SF:lib\data\datasources\unitvy\unitvy_remote_data_source.dart
DA:57,1
DA:67,1
DA:75,3
DA:76,1
DA:78,1
DA:82,2
DA:85,1
DA:87,1
DA:88,1
DA:91,1
DA:97,1
DA:106,1
DA:114,3
DA:115,1
DA:117,1
DA:122,2
DA:127,1
DA:129,1
DA:130,1
DA:138,1
DA:147,1
DA:154,2
DA:155,2
DA:158,1
DA:162,2
DA:168,1
DA:170,1
DA:171,1
DA:174,1
DA:180,1
DA:189,1
DA:194,3
DA:195,1
DA:197,1
DA:201,2
DA:206,1
DA:208,1
DA:209,1
DA:212,1
DA:218,1
DA:225,1
DA:232,3
DA:233,1
DA:235,1
DA:239,2
DA:244,1
DA:245,1
DA:246,1
DA:249,1
DA:255,1
DA:262,1
DA:269,2
DA:270,1
DA:271,1
DA:273,1
DA:278,2
DA:283,1
DA:285,1
DA:286,1
DA:289,1
DA:295,1
LF:61
LH:61
end_of_record
SF:lib\data\models\unitvy\unitvy_detail_model.dart
DA:12,2
DA:126,1
DA:130,1
DA:133,1
DA:138,1
DA:143,1
DA:145,1
DA:148,2
DA:149,1
DA:154,1
DA:159,1
DA:164,1
DA:169,1
DA:174,1
DA:179,1
DA:184,1
DA:189,1
DA:194,1
DA:197,1
DA:201,1
DA:206,1
DA:211,1
DA:216,1
DA:221,1
DA:224,1
DA:229,1
DA:235,0
DA:238,0
DA:241,0
DA:243,0
DA:244,0
DA:245,0
DA:250,0
DA:253,0
DA:256,0
DA:259,0
DA:262,0
DA:265,0
DA:268,0
DA:271,0
DA:274,0
DA:277,0
DA:280,0
DA:283,0
DA:286,0
DA:289,0
DA:292,0
DA:296,1
DA:299,1
DA:301,1
DA:303,2
DA:304,2
DA:306,1
DA:310,1
DA:313,1
DA:316,1
DA:319,1
DA:323,1
DA:326,1
DA:329,1
DA:332,1
DA:337,1
DA:340,1
DA:341,1
DA:342,1
DA:344,1
DA:345,1
DA:347,1
DA:348,1
DA:350,1
DA:351,1
DA:353,1
DA:354,1
DA:356,1
DA:357,1
DA:359,1
DA:360,1
DA:362,1
DA:363,1
DA:365,1
DA:366,1
LF:81
LH:60
end_of_record
SF:lib\data\models\unitvy\unitvy_model.dart
DA:9,5
DA:81,2
DA:84,2
DA:87,2
DA:91,2
DA:93,2
DA:95,4
DA:101,2
DA:106,2
DA:111,2
DA:116,2
DA:119,2
DA:124,2
DA:129,2
DA:134,2
DA:139,2
DA:142,2
DA:146,2
DA:152,1
DA:153,1
DA:156,1
DA:158,1
DA:160,3
DA:165,1
DA:168,1
DA:171,1
DA:174,1
DA:177,1
DA:180,1
DA:183,1
DA:186,1
DA:189,1
DA:193,2
DA:194,2
DA:197,2
DA:200,2
DA:203,2
DA:206,2
DA:209,2
DA:212,2
DA:215,2
DA:218,2
DA:221,2
DA:224,2
DA:227,2
DA:232,2
DA:235,2
DA:236,2
DA:237,2
DA:239,2
DA:240,2
DA:241,2
DA:243,2
DA:244,2
DA:246,2
DA:247,2
DA:249,2
DA:250,2
LF:58
LH:58
end_of_record
SF:lib\data\models\unitvy\unitvy_response.dart
DA:13,3
DA:20,2
DA:26,2
DA:29,2
DA:31,2
DA:36,4
DA:37,2
DA:40,4
DA:41,2
DA:47,1
DA:48,1
DA:51,1
DA:53,3
DA:54,1
DA:60,1
DA:63,1
DA:64,1
LF:17
LH:17
end_of_record
SF:lib\data\repositories\movie_repository_impl.dart
DA:32,1
DA:46,1
DA:56,2
DA:57,1
DA:61,1
DA:62,2
DA:63,1
DA:66,1
DA:73,1
DA:86,1
DA:96,0
DA:109,1
DA:117,2
DA:118,1
DA:124,1
DA:125,1
DA:131,1
DA:140,1
DA:150,0
DA:163,1
DA:175,2
DA:176,1
DA:179,2
DA:180,0
DA:182,1
DA:189,1
DA:200,1
DA:210,0
DA:223,1
DA:231,2
DA:232,1
DA:237,2
DA:238,1
DA:239,1
DA:241,1
DA:247,1
DA:258,1
DA:268,0
DA:281,1
DA:289,2
DA:290,1
DA:293,2
DA:294,1
DA:295,1
DA:297,1
DA:302,1
DA:312,1
DA:322,0
DA:335,1
DA:342,2
DA:343,1
DA:345,1
DA:346,2
DA:347,1
DA:349,1
DA:355,1
DA:365,1
DA:375,0
DA:389,1
DA:397,2
DA:398,1
DA:399,1
DA:405,1
DA:408,1
DA:413,1
DA:414,1
DA:416,1
DA:433,1
DA:440,2
DA:441,1
DA:442,1
DA:449,1
DA:452,1
DA:458,1
DA:459,1
DA:460,1
DA:467,1
DA:472,2
DA:473,1
DA:484,1
DA:490,2
DA:491,1
DA:494,2
DA:496,2
DA:498,1
LF:85
LH:78
end_of_record
SF:lib\data\repositories\unitvy_repository_impl.dart
DA:32,1
DA:47,1
DA:55,2
DA:56,1
DA:59,2
DA:60,1
DA:61,1
DA:64,1
DA:70,1
DA:81,1
DA:91,0
DA:104,1
DA:113,2
DA:114,1
DA:118,1
DA:119,1
DA:125,1
DA:137,1
DA:148,0
DA:161,1
DA:170,2
DA:171,1
DA:176,2
DA:177,0
DA:178,0
DA:181,1
DA:187,1
DA:199,1
DA:210,0
DA:223,1
DA:233,2
DA:234,1
DA:238,2
DA:239,1
DA:240,1
DA:243,1
DA:249,1
DA:259,1
DA:270,0
DA:283,1
DA:291,2
DA:292,1
DA:295,2
DA:296,1
DA:297,1
DA:300,1
DA:306,1
DA:317,1
DA:328,0
DA:341,1
DA:351,2
DA:352,1
DA:356,2
DA:357,1
DA:358,1
DA:361,1
DA:367,1
DA:377,1
DA:387,0
DA:400,1
DA:409,2
DA:410,1
DA:411,1
DA:417,1
DA:423,1
DA:427,1
DA:428,1
DA:430,1
DA:447,1
DA:456,2
DA:457,1
DA:458,1
DA:465,1
DA:471,1
DA:475,1
DA:476,1
DA:478,1
DA:487,1
DA:494,2
DA:495,1
DA:507,1
DA:513,1
DA:514,1
DA:515,1
DA:519,2
DA:520,1
DA:521,1
DA:524,1
LF:88
LH:80
end_of_record
SF:lib\domain\usecases\movie\get_movie_detail.dart
DA:14,1
DA:19,1
DA:26,1
DA:27,1
LF:4
LH:4
end_of_record
SF:lib\domain\usecases\movie\get_movie_recommendations.dart
DA:16,1
DA:21,1
DA:28,1
DA:29,1
LF:4
LH:4
end_of_record
SF:lib\domain\usecases\movie\get_now_playing_movies.dart
DA:16,1
DA:21,1
DA:28,1
DA:29,1
LF:4
LH:4
end_of_record
SF:lib\domain\usecases\movie\get_popular_movies.dart
DA:16,1
DA:20,1
DA:26,1
DA:27,1
LF:4
LH:4
end_of_record
SF:lib\domain\usecases\movie\get_top_rated_movies.dart
DA:15,1
DA:19,1
DA:26,1
DA:27,1
LF:4
LH:4
end_of_record
SF:lib\domain\usecases\movie\get_watchlist_movies.dart
DA:15,1
DA:20,1
DA:26,1
DA:27,1
LF:4
LH:4
end_of_record
SF:lib\domain\usecases\movie\get_watchlist_status.dart
DA:9,1
DA:16,1
DA:21,1
DA:22,1
LF:4
LH:4
end_of_record
SF:lib\domain\usecases\movie\remove_watchlist.dart
DA:14,1
DA:19,1
DA:26,1
DA:27,1
LF:4
LH:4
end_of_record
SF:lib\domain\usecases\movie\save_watchlist.dart
DA:15,1
DA:20,1
DA:26,1
DA:27,1
LF:4
LH:4
end_of_record
SF:lib\domain\usecases\movie\search_movies.dart
DA:15,1
DA:20,1
DA:26,1
DA:27,1
LF:4
LH:4
end_of_record
SF:lib\domain\usecases\unitvy\get_now_playing_unitvy.dart
DA:16,1
DA:22,1
DA:29,1
DA:30,1
LF:4
LH:4
end_of_record
SF:lib\domain\usecases\unitvy\get_popular_unitvy.dart
DA:15,1
DA:21,1
DA:28,1
DA:29,1
LF:4
LH:4
end_of_record
SF:lib\domain\usecases\unitvy\get_top_rated_unitvy.dart
DA:15,1
DA:20,1
DA:27,1
DA:28,1
LF:4
LH:4
end_of_record
SF:lib\domain\usecases\unitvy\get_unitvy_detail.dart
DA:14,1
DA:19,1
DA:26,1
DA:27,1
LF:4
LH:4
end_of_record
SF:lib\domain\usecases\unitvy\get_unitvy_recomendations.dart
DA:14,1
DA:19,1
DA:26,1
DA:27,1
LF:4
LH:4
end_of_record
SF:lib\domain\usecases\unitvy\get_watchlist_status_unitvy.dart
DA:9,2
DA:16,2
DA:22,2
DA:23,2
LF:4
LH:4
end_of_record
SF:lib\domain\usecases\unitvy\remove_watchlist_unitvy.dart
DA:14,1
DA:20,1
DA:27,1
DA:28,1
LF:4
LH:4
end_of_record
SF:lib\domain\usecases\unitvy\save_watchlist_unitvy.dart
DA:14,1
DA:20,1
DA:26,1
DA:27,1
LF:4
LH:4
end_of_record
SF:lib\domain\usecases\unitvy\search_unitvy.dart
DA:13,1
DA:19,1
DA:26,1
DA:27,1
LF:4
LH:4
end_of_record
SF:lib\presentation\bloc\movie_bloc\detail_movie_bloc\detail_movie_state.dart
DA:4,2
DA:6,1
DA:7,1
DA:17,2
DA:19,1
DA:20,2
DA:26,2
DA:28,1
DA:29,2
LF:9
LH:9
end_of_record
SF:lib\presentation\bloc\movie_bloc\detail_movie_bloc\detail_movie_event.dart
DA:4,1
DA:6,0
DA:7,0
DA:13,1
DA:15,0
DA:16,0
LF:6
LH:2
end_of_record
SF:lib\presentation\bloc\movie_bloc\detail_movie_bloc\detail_movie_bloc.dart
DA:14,1
DA:17,3
DA:18,1
DA:20,2
DA:23,4
DA:24,1
DA:25,1
DA:26,3
DA:28,1
DA:29,2
LF:10
LH:10
end_of_record
SF:lib\presentation\bloc\movie_bloc\now_playing_movie_bloc\now_playing_movie_state.dart
DA:4,2
DA:6,1
DA:7,1
DA:17,2
DA:19,1
DA:20,2
DA:26,1
DA:28,1
DA:29,2
LF:9
LH:9
end_of_record
SF:lib\presentation\bloc\movie_bloc\now_playing_movie_bloc\now_playing_movie_event.dart
DA:4,1
DA:6,0
DA:7,0
LF:3
LH:1
end_of_record
SF:lib\presentation\bloc\movie_bloc\now_playing_movie_bloc\now_playing_movie_bloc.dart
DA:14,1
DA:16,2
DA:19,1
DA:20,1
DA:21,2
DA:24,1
DA:25,2
DA:26,1
DA:27,1
DA:29,2
DA:30,1
DA:33,1
DA:34,2
LF:13
LH:13
end_of_record
SF:lib\presentation\bloc\movie_bloc\popular_movie_bloc\popular_movie_state.dart
DA:4,2
DA:6,1
DA:7,1
DA:17,2
DA:19,1
DA:20,2
DA:26,1
DA:28,1
DA:29,2
LF:9
LH:9
end_of_record
SF:lib\presentation\bloc\movie_bloc\popular_movie_bloc\popular_movie_bloc.dart
DA:12,1
DA:14,2
DA:15,2
DA:16,2
DA:17,3
DA:18,1
DA:19,1
DA:20,3
DA:22,1
DA:23,2
LF:10
LH:10
end_of_record
SF:lib\presentation\bloc\movie_bloc\popular_movie_bloc\popular_movie_event.dart
DA:4,1
DA:6,0
DA:7,0
LF:3
LH:1
end_of_record
SF:lib\presentation\bloc\movie_bloc\recommendation_movie_bloc\recommendation_movie_state.dart
DA:4,2
DA:6,1
DA:7,1
DA:17,2
DA:19,1
DA:20,2
DA:26,1
DA:28,1
DA:29,2
LF:9
LH:9
end_of_record
SF:lib\presentation\bloc\movie_bloc\recommendation_movie_bloc\recommendation_movie_event.dart
DA:4,1
DA:6,0
DA:7,0
DA:13,1
DA:15,0
DA:16,0
LF:6
LH:2
end_of_record
SF:lib\presentation\bloc\movie_bloc\recommendation_movie_bloc\recommendation_movie_bloc.dart
DA:16,1
DA:19,2
DA:20,1
DA:21,1
DA:23,2
DA:26,2
DA:27,2
DA:28,1
DA:29,1
DA:30,2
DA:31,1
DA:34,1
DA:35,2
LF:13
LH:13
end_of_record
SF:lib\presentation\bloc\movie_bloc\search_movie_bloc\search_movie_state.dart
DA:4,2
DA:6,1
DA:7,1
DA:17,2
DA:19,1
DA:20,2
DA:26,1
DA:28,1
DA:29,2
LF:9
LH:9
end_of_record
SF:lib\presentation\bloc\movie_bloc\search_movie_bloc\search_movie_event.dart
DA:4,1
DA:6,0
DA:7,0
DA:15,1
DA:17,0
DA:18,0
LF:6
LH:2
end_of_record
SF:lib\presentation\bloc\movie_bloc\search_movie_bloc\search_movie_bloc.dart
DA:12,1
DA:14,2
DA:15,1
DA:16,2
DA:17,2
DA:18,4
DA:19,1
DA:20,1
DA:21,3
DA:23,1
DA:24,2
LF:11
LH:11
end_of_record
SF:lib\presentation\bloc\movie_bloc\top_rated_movie_bloc\top_rated_movie_event.dart
DA:4,1
DA:6,0
DA:7,0
LF:3
LH:1
end_of_record
SF:lib\presentation\bloc\movie_bloc\top_rated_movie_bloc\top_rated_movie_state.dart
DA:4,2
DA:6,1
DA:7,1
DA:17,2
DA:19,1
DA:20,2
DA:26,1
DA:28,1
DA:29,2
LF:9
LH:9
end_of_record
SF:lib\presentation\bloc\movie_bloc\top_rated_movie_bloc\top_rated_movie_bloc.dart
DA:12,1
DA:14,2
DA:15,2
DA:16,2
DA:17,3
DA:18,1
DA:19,1
DA:20,3
DA:22,1
DA:23,2
LF:10
LH:10
end_of_record
SF:lib\presentation\bloc\unitvy_bloc\recommendation_unitvy_bloc\recommendation_unitvy_event.dart
DA:4,1
DA:6,0
DA:7,0
DA:13,1
DA:15,0
DA:16,0
LF:6
LH:2
end_of_record
SF:lib\presentation\bloc\unitvy_bloc\recommendation_unitvy_bloc\recommendation_unitvy_state.dart
DA:4,2
DA:6,1
DA:7,1
DA:17,2
DA:19,1
DA:20,2
DA:26,1
DA:28,1
DA:29,1
LF:9
LH:9
end_of_record
SF:lib\presentation\bloc\unitvy_bloc\recommendation_unitvy_bloc\recommendation_unitvy_bloc.dart
DA:14,1
DA:18,2
DA:20,1
DA:21,1
DA:23,2
DA:26,2
DA:27,2
DA:28,1
DA:29,1
DA:30,2
DA:31,1
DA:34,1
DA:35,2
LF:13
LH:13
end_of_record
SF:lib\presentation\bloc\unitvy_bloc\detail_unitvy_bloc\detail_unitvy_state.dart
DA:4,2
DA:6,1
DA:7,1
DA:17,2
DA:19,1
DA:20,2
DA:26,2
DA:28,1
DA:29,2
LF:9
LH:9
end_of_record
SF:lib\presentation\bloc\unitvy_bloc\detail_unitvy_bloc\detail_unitvy_bloc.dart
DA:12,1
DA:14,2
DA:15,2
DA:16,2
DA:17,4
DA:18,1
DA:19,1
DA:20,3
DA:22,1
DA:23,2
LF:10
LH:10
end_of_record
SF:lib\presentation\bloc\unitvy_bloc\detail_unitvy_bloc\detail_unitvy_event.dart
DA:4,1
DA:6,0
DA:7,0
DA:13,1
DA:15,0
DA:16,0
LF:6
LH:2
end_of_record
SF:lib\presentation\bloc\unitvy_bloc\on_air_unitvy_bloc\on_air_unitvy_state.dart
DA:4,2
DA:6,1
DA:7,1
DA:17,2
DA:19,1
DA:20,2
DA:26,1
DA:28,1
DA:29,2
LF:9
LH:9
end_of_record
SF:lib\presentation\bloc\unitvy_bloc\on_air_unitvy_bloc\on_air_unitvy_bloc.dart
DA:12,1
DA:14,2
DA:15,2
DA:16,2
DA:17,3
DA:18,1
DA:19,1
DA:20,3
DA:22,1
DA:23,2
LF:10
LH:10
end_of_record
SF:lib\presentation\bloc\unitvy_bloc\on_air_unitvy_bloc\on_air_unitvy_event.dart
DA:4,1
DA:6,0
DA:7,0
LF:3
LH:1
end_of_record
SF:lib\presentation\bloc\unitvy_bloc\popular_unitvy_bloc\popular_unitvy_event.dart
DA:4,1
DA:6,0
DA:7,0
LF:3
LH:1
end_of_record
SF:lib\presentation\bloc\unitvy_bloc\popular_unitvy_bloc\popular_unitvy_bloc.dart
DA:15,1
DA:17,2
DA:20,1
DA:21,1
DA:22,2
DA:24,2
DA:25,1
DA:26,1
DA:27,1
DA:28,2
DA:29,1
DA:32,1
DA:33,2
LF:13
LH:13
end_of_record
SF:lib\presentation\bloc\unitvy_bloc\popular_unitvy_bloc\popular_unitvy_state.dart
DA:4,2
DA:6,1
DA:7,1
DA:17,2
DA:19,1
DA:20,2
DA:26,1
DA:28,1
DA:29,2
LF:9
LH:9
end_of_record
SF:lib\presentation\bloc\unitvy_bloc\search_unitvy_bloc\search_unitvy_event.dart
DA:4,1
DA:6,0
DA:7,0
DA:15,1
DA:17,0
DA:18,0
LF:6
LH:2
end_of_record
SF:lib\presentation\bloc\unitvy_bloc\search_unitvy_bloc\search_unitvy_state.dart
DA:4,2
DA:6,1
DA:7,1
DA:17,2
DA:19,1
DA:20,2
DA:26,1
DA:28,1
DA:29,2
LF:9
LH:9
end_of_record
SF:lib\presentation\bloc\unitvy_bloc\search_unitvy_bloc\search_unitvy_bloc.dart
DA:12,1
DA:14,2
DA:15,1
DA:17,2
DA:18,2
DA:19,4
DA:20,1
DA:21,1
DA:22,3
DA:24,1
DA:25,2
LF:11
LH:11
end_of_record
SF:lib\presentation\bloc\unitvy_bloc\top_rated_unitvy_bloc\top_rated_unitvy_state.dart
DA:4,2
DA:6,1
DA:7,1
DA:17,2
DA:19,1
DA:20,2
DA:26,1
DA:28,1
DA:29,2
LF:9
LH:9
end_of_record
SF:lib\presentation\bloc\unitvy_bloc\top_rated_unitvy_bloc\top_rated_unitvy_event.dart
DA:4,1
DA:6,0
DA:7,0
LF:3
LH:1
end_of_record
SF:lib\presentation\bloc\unitvy_bloc\top_rated_unitvy_bloc\top_rated_unitvy_bloc.dart
DA:12,1
DA:14,2
DA:15,2
DA:16,2
DA:17,3
DA:18,1
DA:19,1
DA:20,3
DA:22,1
DA:23,2
LF:10
LH:10
end_of_record
SF:lib\domain\usecases\unitvy\get_watchlist_unitvy.dart
DA:14,0
DA:20,0
DA:27,0
DA:28,0
LF:4
LH:0
end_of_record
SF:lib\presentation\bloc\unitvy_bloc\watchlist_unitvy_bloc\watchlist_unitvy_state.dart
DA:4,2
DA:6,1
DA:7,1
DA:17,2
DA:19,1
DA:20,2
DA:26,2
DA:28,1
DA:29,2
DA:35,1
DA:37,1
DA:38,2
DA:44,2
DA:46,1
DA:47,2
LF:15
LH:15
end_of_record
SF:lib\presentation\bloc\unitvy_bloc\watchlist_unitvy_bloc\watchlist_unitvy_event.dart
DA:4,2
DA:6,0
DA:7,0
DA:15,1
DA:17,0
DA:18,0
DA:24,1
DA:26,0
DA:27,0
DA:33,1
DA:35,0
DA:36,0
LF:12
LH:4
end_of_record
SF:lib\presentation\bloc\unitvy_bloc\watchlist_unitvy_bloc\watchlist_unitvy_bloc.dart
DA:32,1
DA:42,2
DA:43,2
DA:44,2
DA:47,2
DA:48,1
DA:49,1
DA:50,1
DA:51,2
DA:52,1
DA:55,1
DA:56,2
DA:63,2
DA:64,1
DA:65,2
DA:66,1
DA:68,2
DA:74,2
DA:75,1
DA:76,3
DA:78,1
DA:79,1
DA:80,3
DA:82,1
DA:83,2
DA:88,2
DA:89,1
DA:90,3
DA:92,1
DA:93,1
DA:94,3
DA:96,1
DA:97,2
LF:33
LH:33
end_of_record
SF:lib\presentation\bloc\movie_bloc\watchlist_movie_bloc\watchlist_movie_event.dart
DA:4,2
DA:6,0
DA:7,0
DA:15,1
DA:17,0
DA:18,0
DA:24,0
DA:26,0
DA:27,0
DA:33,1
DA:35,0
DA:36,0
DA:43,1
DA:45,0
DA:46,0
LF:15
LH:4
end_of_record
SF:lib\presentation\bloc\movie_bloc\watchlist_movie_bloc\watchlist_movie_state.dart
DA:4,2
DA:6,1
DA:7,1
DA:17,2
DA:19,1
DA:20,2
DA:26,2
DA:28,1
DA:29,2
DA:35,1
DA:37,1
DA:38,2
DA:44,2
DA:46,1
DA:47,2
LF:15
LH:15
end_of_record
SF:lib\presentation\bloc\movie_bloc\watchlist_movie_bloc\watchlist_movie_bloc.dart
DA:22,1
DA:27,2
DA:28,2
DA:29,2
DA:30,3
DA:32,1
DA:33,1
DA:34,3
DA:36,1
DA:37,2
DA:42,2
DA:43,4
DA:45,2
DA:48,2
DA:49,1
DA:50,3
DA:51,1
DA:52,1
DA:53,3
DA:55,1
DA:56,2
DA:61,2
DA:62,1
DA:63,3
DA:65,1
DA:66,1
DA:67,3
DA:69,1
DA:70,2
LF:29
LH:29
end_of_record
